#
# A fatal error has been detected by the Java Runtime Environment:
#
#  EXCEPTION_ACCESS_VIOLATION (0xc0000005) at pc=0x000007fed12369d1, pid=34248, tid=0x0000000000008d40
#
# JRE version: Java(TM) SE Runtime Environment (8.0_181-b13) (build 1.8.0_181-b13)
# Java VM: Java HotSpot(TM) 64-Bit Server VM (25.181-b13 mixed mode windows-amd64 compressed oops)
# Problematic frame:
# C  [opencv_core401.dll+0x1069d1]
#
# Failed to write core dump. Minidumps are not enabled by default on client versions of Windows
#
# If you would like to submit a bug report, please visit:
#   http://bugreport.java.com/bugreport/crash.jsp
# The crash happened outside the Java Virtual Machine in native code.
# See problematic frame for where to report the bug.
#

---------------  T H R E A D  ---------------

Current thread (0x0000000002162000):  JavaThread "main" [_thread_in_native, id=36160, stack(0x0000000002390000,0x0000000002490000)]

siginfo: ExceptionCode=0xc0000005, reading address 0xffffffffffffffff

Registers:
RAX=0x8000001b2fe34b6b, RBX=0x00000000021621f8, RCX=0x00000000001ef040, RDX=0x00000000002195a8
RSP=0x000000000248eea0, RBP=0x000000000248efa0, RSI=0x0000000000219568, RDI=0x00000000001ef000
R8 =0x00000000001ef008, R9 =0x00000000d8f0a5a8, R10=0x000000000000000c, R11=0x0000000062cb4970
R12=0x0000000000000000, R13=0x000000005714a690, R14=0x000000000248f188, R15=0x0000000002162000
RIP=0x000007fed12369d1, EFLAGS=0x0000000000010202

Top of Stack: (sp=0x000000000248eea0)
0x000000000248eea0:   0000000062a850e0 0000005000000000
0x000000000248eeb0:   000000000000003a 0000000000000000
0x000000000248eec0:   0000000000000000 0000000002162cf0
0x000000000248eed0:   0000000000000002 0000000000000100
0x000000000248eee0:   0000000000000000 0000000000000100
0x000000000248eef0:   0000000000000003 0000000002162cb0
0x000000000248ef00:   0000000002162000 fffffffffffffffe
0x000000000248ef10:   00000000022efe18 000000000248efd0
0x000000000248ef20:   000000000248f0c0 0000000002162ba0
0x000000000248ef30:   0000000059225d01 000000000248f0c0
0x000000000248ef40:   0000000002162000 000000006258755f
0x000000000248ef50:   000000005714a698 0000000002162000
0x000000000248ef60:   000000005714a698 0000000002162000
0x000000000248ef70:   00000000000000b6 000000000248f0c8
0x000000000248ef80:   0000000002162f88 0000000002162bb0
0x000000000248ef90:   00000000022e9400 000000006267c261 

Instructions: (pc=0x000007fed12369d1)
0x000007fed12369b1:   d0 00 00 00 48 8b f2 48 8b f9 48 83 c1 40 4c 8b
0x000007fed12369c1:   01 49 63 10 48 89 54 24 30 48 8d 56 40 48 8b 02
0x000007fed12369d1:   4c 63 08 49 8b d9 45 85 c9 0f 84 e4 03 00 00 48
0x000007fed12369e1:   3b fe 0f 85 a6 00 00 00 48 8b d6 48 8d 4d b0 e8 


Register to memory mapping:

RAX=0x8000001b2fe34b6b is an unknown value
RBX=0x00000000021621f8 is an unknown value
RCX=0x00000000001ef040 is an unknown value
RDX=0x00000000002195a8 is an unknown value
RSP=0x000000000248eea0 is pointing into the stack for thread: 0x0000000002162000
RBP=0x000000000248efa0 is pointing into the stack for thread: 0x0000000002162000
RSI=0x0000000000219568 is an unknown value
RDI=0x00000000001ef000 is an unknown value
R8 =0x00000000001ef008 is an unknown value
R9 =0x00000000d8f0a5a8 is an oop
org.bytedeco.javacpp.opencv_core$Mat 
 - klass: 'org/bytedeco/javacpp/opencv_core$Mat'
R10=0x000000000000000c is an unknown value
R11=0x0000000062cb4970 is an unknown value
R12=0x0000000000000000 is an unknown value
R13=0x000000005714a690 is pointing into metadata
R14=0x000000000248f188 is pointing into the stack for thread: 0x0000000002162000
R15=0x0000000002162000 is a thread


Stack: [0x0000000002390000,0x0000000002490000],  sp=0x000000000248eea0,  free space=1019k
Native frames: (J=compiled Java code, j=interpreted, Vv=VM code, C=native code)
C  [opencv_core401.dll+0x1069d1]
C  [jniopencv_core.dll+0x40bd2]
C  0x00000000028067e7

Java frames: (J=compiled Java code, j=interpreted, Vv=VM code)
j  org.bytedeco.javacpp.opencv_core$Mat.push_back(Lorg/bytedeco/javacpp/opencv_core$Mat;)V+0
j  gui.Reader.entrenar([Ljava/lang/String;)V+127
j  gui.Reader.run()V+59
j  gui.Invoker.main([Ljava/lang/String;)V+9
v  ~StubRoutines::call_stub

---------------  P R O C E S S  ---------------

Java Threads: ( => current thread )
  0x000000005a5f0000 JavaThread "JavaCPP Deallocator" daemon [_thread_blocked, id=36376, stack(0x000000005bd20000,0x000000005be20000)]
  0x00000000591fb800 JavaThread "Service Thread" daemon [_thread_blocked, id=35936, stack(0x000000005a020000,0x000000005a120000)]
  0x00000000591f8000 JavaThread "C1 CompilerThread2" daemon [_thread_blocked, id=35052, stack(0x0000000059e70000,0x0000000059f70000)]
  0x00000000591f5800 JavaThread "C2 CompilerThread1" daemon [_thread_blocked, id=35852, stack(0x0000000059c20000,0x0000000059d20000)]
  0x000000005919a800 JavaThread "C2 CompilerThread0" daemon [_thread_blocked, id=36736, stack(0x0000000059a40000,0x0000000059b40000)]
  0x0000000059199000 JavaThread "Attach Listener" daemon [_thread_blocked, id=36344, stack(0x00000000598b0000,0x00000000599b0000)]
  0x0000000059198000 JavaThread "Signal Dispatcher" daemon [_thread_blocked, id=36156, stack(0x0000000059780000,0x0000000059880000)]
  0x0000000059180800 JavaThread "Finalizer" daemon [_thread_blocked, id=35492, stack(0x0000000059550000,0x0000000059650000)]
  0x000000005764f800 JavaThread "Reference Handler" daemon [_thread_blocked, id=34648, stack(0x0000000059040000,0x0000000059140000)]
=>0x0000000002162000 JavaThread "main" [_thread_in_native, id=36160, stack(0x0000000002390000,0x0000000002490000)]

Other Threads:
  0x0000000057648000 VMThread [stack: 0x0000000058ea0000,0x0000000058fa0000] [id=36804]
  0x0000000059228800 WatcherThread [stack: 0x000000005a210000,0x000000005a310000] [id=34312]

VM state:not at safepoint (normal execution)

VM Mutex/Monitor currently owned by a thread: None

Heap:
 PSYoungGen      total 65024K, used 39187K [0x00000000d6b00000, 0x00000000ded80000, 0x0000000100000000)
  eden space 63488K, 59% used [0x00000000d6b00000,0x00000000d9028f78,0x00000000da900000)
  from space 1536K, 73% used [0x00000000dec00000,0x00000000ded1c010,0x00000000ded80000)
  to   space 5120K, 0% used [0x00000000de380000,0x00000000de380000,0x00000000de880000)
 ParOldGen       total 84992K, used 32K [0x0000000084000000, 0x0000000089300000, 0x00000000d6b00000)
  object space 84992K, 0% used [0x0000000084000000,0x0000000084008000,0x0000000089300000)
 Metaspace       used 6826K, capacity 7206K, committed 7424K, reserved 1056768K
  class space    used 699K, capacity 721K, committed 768K, reserved 1048576K

Card table byte_map: [0x0000000011bb0000,0x0000000011fa0000] byte_map_base: 0x0000000011790000

Marking Bits: (ParMarkBitMap*) 0x0000000062cc2d00
 Begin Bits: [0x0000000012a80000, 0x0000000014980000)
 End Bits:   [0x0000000014980000, 0x0000000016880000)

Polling page: 0x0000000000320000

CodeCache: size=245760Kb used=3907Kb max_used=3907Kb free=241852Kb
 bounds [0x00000000027f0000, 0x0000000002bd0000, 0x00000000117f0000]
 total_blobs=1153 nmethods=748 adapters=319
 compilation: enabled

Compilation events (10 events):
Event: 2.521 Thread 0x00000000591f8000 nmethod 736 0x0000000002b85fd0 code [0x0000000002b861c0, 0x0000000002b86a98]
Event: 2.521 Thread 0x00000000591f8000  742       3       sun.nio.fs.WindowsFileAttributes::<init> (57 bytes)
Event: 2.521 Thread 0x00000000591f8000 nmethod 742 0x0000000002b86e90 code [0x0000000002b86fe0, 0x0000000002b871d0]
Event: 2.521 Thread 0x00000000591f8000  743       3       sun.nio.fs.WindowsPath::equals (30 bytes)
Event: 2.522 Thread 0x00000000591f8000 nmethod 743 0x0000000002b872d0 code [0x0000000002b87460, 0x0000000002b878a8]
Event: 2.527 Thread 0x000000005919a800  744       4       java.util.ArrayList$Itr::next (66 bytes)
Event: 2.529 Thread 0x000000005919a800 nmethod 744 0x0000000002b8a650 code [0x0000000002b8a7a0, 0x0000000002b8a8b8]
Event: 2.544 Thread 0x00000000591f5800  745       4       java.net.URLClassLoader$3$1::run (5 bytes)
Event: 2.546 Thread 0x00000000591f5800 nmethod 745 0x0000000002b88cd0 code [0x0000000002b88e40, 0x0000000002b88f58]
Event: 2.585 Thread 0x00000000591f8000  746   !   3       org.bytedeco.javacpp.Loader::cacheResource (1569 bytes)

GC Heap History (8 events):
Event: 1.090 GC heap before
{Heap before GC invocations=1 (full 0):
 PSYoungGen      total 36864K, used 31744K [0x00000000d6b00000, 0x00000000d9400000, 0x0000000100000000)
  eden space 31744K, 100% used [0x00000000d6b00000,0x00000000d8a00000,0x00000000d8a00000)
  from space 5120K, 0% used [0x00000000d8f00000,0x00000000d8f00000,0x00000000d9400000)
  to   space 5120K, 0% used [0x00000000d8a00000,0x00000000d8a00000,0x00000000d8f00000)
 ParOldGen       total 84992K, used 0K [0x0000000084000000, 0x0000000089300000, 0x00000000d6b00000)
  object space 84992K, 0% used [0x0000000084000000,0x0000000084000000,0x0000000089300000)
 Metaspace       used 4660K, capacity 5318K, committed 5376K, reserved 1056768K
  class space    used 462K, capacity 497K, committed 512K, reserved 1048576K
Event: 1.110 GC heap after
Heap after GC invocations=1 (full 0):
 PSYoungGen      total 36864K, used 1235K [0x00000000d6b00000, 0x00000000db300000, 0x0000000100000000)
  eden space 31744K, 0% used [0x00000000d6b00000,0x00000000d6b00000,0x00000000d8a00000)
  from space 5120K, 24% used [0x00000000d8a00000,0x00000000d8b34f38,0x00000000d8f00000)
  to   space 5120K, 0% used [0x00000000dae00000,0x00000000dae00000,0x00000000db300000)
 ParOldGen       total 84992K, used 8K [0x0000000084000000, 0x0000000089300000, 0x00000000d6b00000)
  object space 84992K, 0% used [0x0000000084000000,0x0000000084002000,0x0000000089300000)
 Metaspace       used 4660K, capacity 5318K, committed 5376K, reserved 1056768K
  class space    used 462K, capacity 497K, committed 512K, reserved 1048576K
}
Event: 1.491 GC heap before
{Heap before GC invocations=2 (full 0):
 PSYoungGen      total 36864K, used 32979K [0x00000000d6b00000, 0x00000000db300000, 0x0000000100000000)
  eden space 31744K, 100% used [0x00000000d6b00000,0x00000000d8a00000,0x00000000d8a00000)
  from space 5120K, 24% used [0x00000000d8a00000,0x00000000d8b34f38,0x00000000d8f00000)
  to   space 5120K, 0% used [0x00000000dae00000,0x00000000dae00000,0x00000000db300000)
 ParOldGen       total 84992K, used 8K [0x0000000084000000, 0x0000000089300000, 0x00000000d6b00000)
  object space 84992K, 0% used [0x0000000084000000,0x0000000084002000,0x0000000089300000)
 Metaspace       used 6203K, capacity 6758K, committed 6912K, reserved 1056768K
  class space    used 672K, capacity 721K, committed 768K, reserved 1048576K
Event: 1.494 GC heap after
Heap after GC invocations=2 (full 0):
 PSYoungGen      total 68608K, used 2040K [0x00000000d6b00000, 0x00000000db300000, 0x0000000100000000)
  eden space 63488K, 0% used [0x00000000d6b00000,0x00000000d6b00000,0x00000000da900000)
  from space 5120K, 39% used [0x00000000dae00000,0x00000000daffe218,0x00000000db300000)
  to   space 5120K, 0% used [0x00000000da900000,0x00000000da900000,0x00000000dae00000)
 ParOldGen       total 84992K, used 16K [0x0000000084000000, 0x0000000089300000, 0x00000000d6b00000)
  object space 84992K, 0% used [0x0000000084000000,0x0000000084004000,0x0000000089300000)
 Metaspace       used 6203K, capacity 6758K, committed 6912K, reserved 1056768K
  class space    used 672K, capacity 721K, committed 768K, reserved 1048576K
}
Event: 2.003 GC heap before
{Heap before GC invocations=3 (full 0):
 PSYoungGen      total 68608K, used 65528K [0x00000000d6b00000, 0x00000000db300000, 0x0000000100000000)
  eden space 63488K, 100% used [0x00000000d6b00000,0x00000000da900000,0x00000000da900000)
  from space 5120K, 39% used [0x00000000dae00000,0x00000000daffe218,0x00000000db300000)
  to   space 5120K, 0% used [0x00000000da900000,0x00000000da900000,0x00000000dae00000)
 ParOldGen       total 84992K, used 16K [0x0000000084000000, 0x0000000089300000, 0x00000000d6b00000)
  object space 84992K, 0% used [0x0000000084000000,0x0000000084004000,0x0000000089300000)
 Metaspace       used 6699K, capacity 7206K, committed 7424K, reserved 1056768K
  class space    used 693K, capacity 721K, committed 768K, reserved 1048576K
Event: 2.006 GC heap after
Heap after GC invocations=3 (full 0):
 PSYoungGen      total 68608K, used 1232K [0x00000000d6b00000, 0x00000000df100000, 0x0000000100000000)
  eden space 63488K, 0% used [0x00000000d6b00000,0x00000000d6b00000,0x00000000da900000)
  from space 5120K, 24% used [0x00000000da900000,0x00000000daa34010,0x00000000dae00000)
  to   space 5120K, 0% used [0x00000000dec00000,0x00000000dec00000,0x00000000df100000)
 ParOldGen       total 84992K, used 24K [0x0000000084000000, 0x0000000089300000, 0x00000000d6b00000)
  object space 84992K, 0% used [0x0000000084000000,0x0000000084006000,0x0000000089300000)
 Metaspace       used 6699K, capacity 7206K, committed 7424K, reserved 1056768K
  class space    used 693K, capacity 721K, committed 768K, reserved 1048576K
}
Event: 2.388 GC heap before
{Heap before GC invocations=4 (full 0):
 PSYoungGen      total 68608K, used 64720K [0x00000000d6b00000, 0x00000000df100000, 0x0000000100000000)
  eden space 63488K, 100% used [0x00000000d6b00000,0x00000000da900000,0x00000000da900000)
  from space 5120K, 24% used [0x00000000da900000,0x00000000daa34010,0x00000000dae00000)
  to   space 5120K, 0% used [0x00000000dec00000,0x00000000dec00000,0x00000000df100000)
 ParOldGen       total 84992K, used 24K [0x0000000084000000, 0x0000000089300000, 0x00000000d6b00000)
  object space 84992K, 0% used [0x0000000084000000,0x0000000084006000,0x0000000089300000)
 Metaspace       used 6758K, capacity 7206K, committed 7424K, reserved 1056768K
  class space    used 694K, capacity 721K, committed 768K, reserved 1048576K
Event: 2.390 GC heap after
Heap after GC invocations=4 (full 0):
 PSYoungGen      total 65024K, used 1136K [0x00000000d6b00000, 0x00000000ded80000, 0x0000000100000000)
  eden space 63488K, 0% used [0x00000000d6b00000,0x00000000d6b00000,0x00000000da900000)
  from space 1536K, 73% used [0x00000000dec00000,0x00000000ded1c010,0x00000000ded80000)
  to   space 5120K, 0% used [0x00000000de380000,0x00000000de380000,0x00000000de880000)
 ParOldGen       total 84992K, used 32K [0x0000000084000000, 0x0000000089300000, 0x00000000d6b00000)
  object space 84992K, 0% used [0x0000000084000000,0x0000000084008000,0x0000000089300000)
 Metaspace       used 6758K, capacity 7206K, committed 7424K, reserved 1056768K
  class space    used 694K, capacity 721K, committed 768K, reserved 1048576K
}

Deoptimization events (10 events):
Event: 0.766 Thread 0x0000000002162000 Uncommon trap: reason=unstable_if action=reinterpret pc=0x00000000029a7e98 method=java.util.zip.ZipFile.getEntry(Ljava/lang/String;)Ljava/util/zip/ZipEntry; @ 45
Event: 0.767 Thread 0x0000000002162000 Uncommon trap: reason=unstable_if action=reinterpret pc=0x00000000029a5e58 method=java.util.zip.ZipFile.getEntry(Ljava/lang/String;)Ljava/util/zip/ZipEntry; @ 45
Event: 1.162 Thread 0x0000000002162000 Uncommon trap: reason=unstable_if action=reinterpret pc=0x00000000029c447c method=sun.net.www.ParseUtil.encodePath(Ljava/lang/String;Z)Ljava/lang/String; @ 109
Event: 2.054 Thread 0x0000000002162000 Uncommon trap: reason=unstable_if action=reinterpret pc=0x00000000029e4350 method=sun.misc.URLClassPath$1.next()Z @ 56
Event: 2.054 Thread 0x0000000002162000 Uncommon trap: reason=unstable_if action=reinterpret pc=0x0000000002b09b0c method=java.net.URLClassLoader$3$1.run()Ljava/net/URL; @ 12
Event: 2.054 Thread 0x0000000002162000 Uncommon trap: reason=unstable_if action=reinterpret pc=0x0000000002b09f70 method=java.net.URLClassLoader$3.next()Z @ 32
Event: 2.054 Thread 0x0000000002162000 Uncommon trap: reason=unstable_if action=reinterpret pc=0x0000000002af466c method=sun.misc.CompoundEnumeration.next()Z @ 38
Event: 2.054 Thread 0x0000000002162000 Uncommon trap: reason=unstable_if action=reinterpret pc=0x0000000002b06848 method=java.net.URLClassLoader$3.next()Z @ 4
Event: 2.054 Thread 0x0000000002162000 Uncommon trap: reason=unstable_if action=reinterpret pc=0x0000000002af426c method=sun.misc.CompoundEnumeration.next()Z @ 38
Event: 2.439 Thread 0x0000000002162000 Uncommon trap: reason=unstable_if action=reinterpret pc=0x0000000002af190c method=sun.misc.URLClassPath$FileLoader.getResource(Ljava/lang/String;Z)Lsun/misc/Resource; @ 139

Classes redefined (0 events):
No events

Internal exceptions (10 events):
Event: 0.349 Thread 0x0000000002162000 Exception <a 'java/security/PrivilegedActionException'> (0x00000000d6f65b78) thrown at [C:\re\workspace\8-2-build-windows-amd64-cygwin\jdk8u181\11358\hotspot\src\share\vm\prims\jvm.cpp, line 1435]
Event: 0.349 Thread 0x0000000002162000 Exception <a 'java/security/PrivilegedActionException'> (0x00000000d6f65d88) thrown at [C:\re\workspace\8-2-build-windows-amd64-cygwin\jdk8u181\11358\hotspot\src\share\vm\prims\jvm.cpp, line 1435]
Event: 0.349 Thread 0x0000000002162000 Exception <a 'java/security/PrivilegedActionException'> (0x00000000d6f677b8) thrown at [C:\re\workspace\8-2-build-windows-amd64-cygwin\jdk8u181\11358\hotspot\src\share\vm\prims\jvm.cpp, line 1435]
Event: 0.349 Thread 0x0000000002162000 Exception <a 'java/security/PrivilegedActionException'> (0x00000000d6f679c8) thrown at [C:\re\workspace\8-2-build-windows-amd64-cygwin\jdk8u181\11358\hotspot\src\share\vm\prims\jvm.cpp, line 1435]
Event: 0.349 Thread 0x0000000002162000 Exception <a 'java/security/PrivilegedActionException'> (0x00000000d6f69438) thrown at [C:\re\workspace\8-2-build-windows-amd64-cygwin\jdk8u181\11358\hotspot\src\share\vm\prims\jvm.cpp, line 1435]
Event: 0.349 Thread 0x0000000002162000 Exception <a 'java/security/PrivilegedActionException'> (0x00000000d6f69648) thrown at [C:\re\workspace\8-2-build-windows-amd64-cygwin\jdk8u181\11358\hotspot\src\share\vm\prims\jvm.cpp, line 1435]
Event: 0.349 Thread 0x0000000002162000 Exception <a 'java/security/PrivilegedActionException'> (0x00000000d6f6b3c0) thrown at [C:\re\workspace\8-2-build-windows-amd64-cygwin\jdk8u181\11358\hotspot\src\share\vm\prims\jvm.cpp, line 1435]
Event: 0.349 Thread 0x0000000002162000 Exception <a 'java/security/PrivilegedActionException'> (0x00000000d6f6b5d0) thrown at [C:\re\workspace\8-2-build-windows-amd64-cygwin\jdk8u181\11358\hotspot\src\share\vm\prims\jvm.cpp, line 1435]
Event: 0.350 Thread 0x0000000002162000 Exception <a 'java/security/PrivilegedActionException'> (0x00000000d6f6cf30) thrown at [C:\re\workspace\8-2-build-windows-amd64-cygwin\jdk8u181\11358\hotspot\src\share\vm\prims\jvm.cpp, line 1435]
Event: 0.350 Thread 0x0000000002162000 Exception <a 'java/security/PrivilegedActionException'> (0x00000000d6f6d140) thrown at [C:\re\workspace\8-2-build-windows-amd64-cygwin\jdk8u181\11358\hotspot\src\share\vm\prims\jvm.cpp, line 1435]

Events (10 events):
Event: 2.441 loading class org/bytedeco/javacpp/opencv_core$Arrays
Event: 2.441 loading class org/bytedeco/javacpp/opencv_core$Arrays done
Event: 2.441 loading class org/bytedeco/javacpp/opencv_core$Texture2D
Event: 2.441 loading class org/bytedeco/javacpp/opencv_core$Texture2D done
Event: 2.441 loading class org/bytedeco/javacpp/opencv_core$Buffer
Event: 2.441 loading class org/bytedeco/javacpp/opencv_core$Buffer done
Event: 2.442 loading class org/bytedeco/javacpp/annotation/Name
Event: 2.442 loading class org/bytedeco/javacpp/annotation/Name done
Event: 2.606 loading class java/nio/DirectIntBufferU
Event: 2.606 loading class java/nio/DirectIntBufferU done


Dynamic libraries:
0x000000013f3b0000 - 0x000000013f3e7000 	C:\Program Files\Java\jre1.8.0_181\bin\javaw.exe
0x00000000778a0000 - 0x0000000077a49000 	C:\Windows\SYSTEM32\ntdll.dll
0x0000000077780000 - 0x000000007789f000 	C:\Windows\system32\kernel32.dll
0x000007fefd740000 - 0x000007fefd7ab000 	C:\Windows\system32\KERNELBASE.dll
0x000007fefde20000 - 0x000007fefdefb000 	C:\Windows\system32\ADVAPI32.dll
0x000007feff1d0000 - 0x000007feff26f000 	C:\Windows\system32\msvcrt.dll
0x000007feffb60000 - 0x000007feffb7f000 	C:\Windows\SYSTEM32\sechost.dll
0x000007feff750000 - 0x000007feff87d000 	C:\Windows\system32\RPCRT4.dll
0x0000000077680000 - 0x000000007777a000 	C:\Windows\system32\USER32.dll
0x000007feff690000 - 0x000007feff6f7000 	C:\Windows\system32\GDI32.dll
0x000007feff380000 - 0x000007feff38e000 	C:\Windows\system32\LPK.dll
0x000007feff390000 - 0x000007feff459000 	C:\Windows\system32\USP10.dll
0x000007fefbf70000 - 0x000007fefc164000 	C:\Windows\WinSxS\amd64_microsoft.windows.common-controls_6595b64144ccf1df_6.0.7601.17514_none_fa396087175ac9ac\COMCTL32.dll
0x000007fefed40000 - 0x000007fefedb1000 	C:\Windows\system32\SHLWAPI.dll
0x000007feffb80000 - 0x000007feffbae000 	C:\Windows\system32\IMM32.DLL
0x000007feff270000 - 0x000007feff379000 	C:\Windows\system32\MSCTF.dll
0x0000000074950000 - 0x0000000074a22000 	C:\Program Files\Java\jre1.8.0_181\bin\msvcr100.dll
0x00000000624a0000 - 0x0000000062d42000 	C:\Program Files\Java\jre1.8.0_181\bin\server\jvm.dll
0x000007fef9aa0000 - 0x000007fef9aa9000 	C:\Windows\system32\WSOCK32.dll
0x000007feff700000 - 0x000007feff74d000 	C:\Windows\system32\WS2_32.dll
0x000007fefec90000 - 0x000007fefec98000 	C:\Windows\system32\NSI.dll
0x000007fef9e50000 - 0x000007fef9e8b000 	C:\Windows\system32\WINMM.dll
0x000007fefc790000 - 0x000007fefc79c000 	C:\Windows\system32\VERSION.dll
0x0000000077a70000 - 0x0000000077a77000 	C:\Windows\system32\PSAPI.DLL
0x0000000074e40000 - 0x0000000074e4f000 	C:\Program Files\Java\jre1.8.0_181\bin\verify.dll
0x00000000748f0000 - 0x0000000074919000 	C:\Program Files\Java\jre1.8.0_181\bin\java.dll
0x0000000074c40000 - 0x0000000074c56000 	C:\Program Files\Java\jre1.8.0_181\bin\zip.dll
0x000007fefdf00000 - 0x000007fefec88000 	C:\Windows\system32\SHELL32.dll
0x000007fefdab0000 - 0x000007fefdcb3000 	C:\Windows\system32\ole32.dll
0x000007fefd680000 - 0x000007fefd68f000 	C:\Windows\system32\profapi.dll
0x000007fee8950000 - 0x000007fee8953000 	C:\Users\Packard\.javacpp\cache\opencv-4.0.1-1.4.4-windows-x86_64.jar\org\bytedeco\javacpp\windows-x86_64\api-ms-win-crt-locale-l1-1-0.dll
0x0000000074930000 - 0x000000007494a000 	C:\Program Files\Java\jre1.8.0_181\bin\net.dll
0x000007fefceb0000 - 0x000007fefcf05000 	C:\Windows\system32\mswsock.dll
0x000007fefcea0000 - 0x000007fefcea7000 	C:\Windows\System32\wship6.dll
0x0000000074860000 - 0x0000000074871000 	C:\Program Files\Java\jre1.8.0_181\bin\nio.dll
0x000007fee8970000 - 0x000007fee8974000 	C:\Users\Packard\.javacpp\cache\opencv-4.0.1-1.4.4-windows-x86_64.jar\org\bytedeco\javacpp\windows-x86_64\api-ms-win-crt-string-l1-1-0.dll
0x000007fee7790000 - 0x000007fee7794000 	C:\Users\Packard\.javacpp\cache\opencv-4.0.1-1.4.4-windows-x86_64.jar\org\bytedeco\javacpp\windows-x86_64\api-ms-win-crt-stdio-l1-1-0.dll
0x000007fee7510000 - 0x000007fee7515000 	C:\Users\Packard\.javacpp\cache\opencv-4.0.1-1.4.4-windows-x86_64.jar\org\bytedeco\javacpp\windows-x86_64\api-ms-win-crt-math-l1-1-0.dll
0x000007fee6e20000 - 0x000007fee6e23000 	C:\Users\Packard\.javacpp\cache\opencv-4.0.1-1.4.4-windows-x86_64.jar\org\bytedeco\javacpp\windows-x86_64\api-ms-win-crt-heap-l1-1-0.dll
0x000007fee6e10000 - 0x000007fee6e14000 	C:\Users\Packard\.javacpp\cache\opencv-4.0.1-1.4.4-windows-x86_64.jar\org\bytedeco\javacpp\windows-x86_64\api-ms-win-crt-runtime-l1-1-0.dll
0x000007fee6d60000 - 0x000007fee6d64000 	C:\Users\Packard\.javacpp\cache\opencv-4.0.1-1.4.4-windows-x86_64.jar\org\bytedeco\javacpp\windows-x86_64\api-ms-win-crt-convert-l1-1-0.dll
0x000007fee6d50000 - 0x000007fee6d53000 	C:\Users\Packard\.javacpp\cache\opencv-4.0.1-1.4.4-windows-x86_64.jar\org\bytedeco\javacpp\windows-x86_64\api-ms-win-crt-environment-l1-1-0.dll
0x000007fee6d40000 - 0x000007fee6d43000 	C:\Users\Packard\.javacpp\cache\opencv-4.0.1-1.4.4-windows-x86_64.jar\org\bytedeco\javacpp\windows-x86_64\api-ms-win-crt-time-l1-1-0.dll
0x000007fee6d30000 - 0x000007fee6d33000 	C:\Users\Packard\.javacpp\cache\opencv-4.0.1-1.4.4-windows-x86_64.jar\org\bytedeco\javacpp\windows-x86_64\api-ms-win-crt-filesystem-l1-1-0.dll
0x000007fee6d20000 - 0x000007fee6d23000 	C:\Users\Packard\.javacpp\cache\opencv-4.0.1-1.4.4-windows-x86_64.jar\org\bytedeco\javacpp\windows-x86_64\api-ms-win-crt-utility-l1-1-0.dll
0x000007fee6d10000 - 0x000007fee6d15000 	C:\Users\Packard\.javacpp\cache\opencv-4.0.1-1.4.4-windows-x86_64.jar\org\bytedeco\javacpp\windows-x86_64\api-ms-win-crt-multibyte-l1-1-0.dll
0x000007fee6d00000 - 0x000007fee6d03000 	C:\Users\Packard\.javacpp\cache\opencv-4.0.1-1.4.4-windows-x86_64.jar\org\bytedeco\javacpp\windows-x86_64\api-ms-win-core-string-l1-1-0.dll
0x000007fee6cf0000 - 0x000007fee6cf3000 	C:\Users\Packard\.javacpp\cache\opencv-4.0.1-1.4.4-windows-x86_64.jar\org\bytedeco\javacpp\windows-x86_64\api-ms-win-core-errorhandling-l1-1-0.dll
0x000007fee6c90000 - 0x000007fee6c93000 	C:\Users\Packard\.javacpp\cache\opencv-4.0.1-1.4.4-windows-x86_64.jar\org\bytedeco\javacpp\windows-x86_64\api-ms-win-core-timezone-l1-1-0.dll
0x000007fee6c80000 - 0x000007fee6c84000 	C:\Users\Packard\.javacpp\cache\opencv-4.0.1-1.4.4-windows-x86_64.jar\org\bytedeco\javacpp\windows-x86_64\api-ms-win-core-file-l1-1-0.dll
0x000007fee6c50000 - 0x000007fee6c53000 	C:\Users\Packard\.javacpp\cache\opencv-4.0.1-1.4.4-windows-x86_64.jar\org\bytedeco\javacpp\windows-x86_64\api-ms-win-core-namedpipe-l1-1-0.dll
0x000007fee6c40000 - 0x000007fee6c43000 	C:\Users\Packard\.javacpp\cache\opencv-4.0.1-1.4.4-windows-x86_64.jar\org\bytedeco\javacpp\windows-x86_64\api-ms-win-core-handle-l1-1-0.dll
0x000007fee64f0000 - 0x000007fee64f3000 	C:\Users\Packard\.javacpp\cache\opencv-4.0.1-1.4.4-windows-x86_64.jar\org\bytedeco\javacpp\windows-x86_64\api-ms-win-core-file-l2-1-0.dll
0x000007fee2930000 - 0x000007fee2933000 	C:\Users\Packard\.javacpp\cache\opencv-4.0.1-1.4.4-windows-x86_64.jar\org\bytedeco\javacpp\windows-x86_64\api-ms-win-core-heap-l1-1-0.dll
0x000007fee2920000 - 0x000007fee2923000 	C:\Users\Packard\.javacpp\cache\opencv-4.0.1-1.4.4-windows-x86_64.jar\org\bytedeco\javacpp\windows-x86_64\api-ms-win-core-libraryloader-l1-1-0.dll
0x000007fee2910000 - 0x000007fee2913000 	C:\Users\Packard\.javacpp\cache\opencv-4.0.1-1.4.4-windows-x86_64.jar\org\bytedeco\javacpp\windows-x86_64\api-ms-win-core-synch-l1-1-0.dll
0x000007fee28d0000 - 0x000007fee28d3000 	C:\Users\Packard\.javacpp\cache\opencv-4.0.1-1.4.4-windows-x86_64.jar\org\bytedeco\javacpp\windows-x86_64\api-ms-win-core-processthreads-l1-1-0.dll
0x000007fee28c0000 - 0x000007fee28c3000 	C:\Users\Packard\.javacpp\cache\opencv-4.0.1-1.4.4-windows-x86_64.jar\org\bytedeco\javacpp\windows-x86_64\api-ms-win-core-processenvironment-l1-1-0.dll
0x000007fee25b0000 - 0x000007fee25b3000 	C:\Users\Packard\.javacpp\cache\opencv-4.0.1-1.4.4-windows-x86_64.jar\org\bytedeco\javacpp\windows-x86_64\api-ms-win-core-datetime-l1-1-0.dll
0x000007fee25a0000 - 0x000007fee25a3000 	C:\Users\Packard\.javacpp\cache\opencv-4.0.1-1.4.4-windows-x86_64.jar\org\bytedeco\javacpp\windows-x86_64\api-ms-win-core-localization-l1-2-0.dll
0x000007fee2590000 - 0x000007fee2593000 	C:\Users\Packard\.javacpp\cache\opencv-4.0.1-1.4.4-windows-x86_64.jar\org\bytedeco\javacpp\windows-x86_64\api-ms-win-core-sysinfo-l1-1-0.dll
0x000007fee2060000 - 0x000007fee2063000 	C:\Users\Packard\.javacpp\cache\opencv-4.0.1-1.4.4-windows-x86_64.jar\org\bytedeco\javacpp\windows-x86_64\api-ms-win-core-synch-l1-2-0.dll
0x000007fee2050000 - 0x000007fee2053000 	C:\Users\Packard\.javacpp\cache\opencv-4.0.1-1.4.4-windows-x86_64.jar\org\bytedeco\javacpp\windows-x86_64\api-ms-win-core-console-l1-1-0.dll
0x000007fee2040000 - 0x000007fee2043000 	C:\Users\Packard\.javacpp\cache\opencv-4.0.1-1.4.4-windows-x86_64.jar\org\bytedeco\javacpp\windows-x86_64\api-ms-win-core-debug-l1-1-0.dll
0x000007fee2030000 - 0x000007fee2033000 	C:\Users\Packard\.javacpp\cache\opencv-4.0.1-1.4.4-windows-x86_64.jar\org\bytedeco\javacpp\windows-x86_64\api-ms-win-core-rtlsupport-l1-1-0.dll
0x000007fee2020000 - 0x000007fee2023000 	C:\Users\Packard\.javacpp\cache\opencv-4.0.1-1.4.4-windows-x86_64.jar\org\bytedeco\javacpp\windows-x86_64\api-ms-win-core-processthreads-l1-1-1.dll
0x000007fee2010000 - 0x000007fee2013000 	C:\Users\Packard\.javacpp\cache\opencv-4.0.1-1.4.4-windows-x86_64.jar\org\bytedeco\javacpp\windows-x86_64\api-ms-win-core-file-l1-2-0.dll
0x000007fee1b30000 - 0x000007fee1b33000 	C:\Users\Packard\.javacpp\cache\opencv-4.0.1-1.4.4-windows-x86_64.jar\org\bytedeco\javacpp\windows-x86_64\api-ms-win-core-profile-l1-1-0.dll
0x000007fee1b20000 - 0x000007fee1b23000 	C:\Users\Packard\.javacpp\cache\opencv-4.0.1-1.4.4-windows-x86_64.jar\org\bytedeco\javacpp\windows-x86_64\api-ms-win-core-memory-l1-1-0.dll
0x000007fee1b10000 - 0x000007fee1b13000 	C:\Users\Packard\.javacpp\cache\opencv-4.0.1-1.4.4-windows-x86_64.jar\org\bytedeco\javacpp\windows-x86_64\api-ms-win-core-util-l1-1-0.dll
0x000007fee1b00000 - 0x000007fee1b03000 	C:\Users\Packard\.javacpp\cache\opencv-4.0.1-1.4.4-windows-x86_64.jar\org\bytedeco\javacpp\windows-x86_64\api-ms-win-core-interlocked-l1-1-0.dll
0x000007fed5d40000 - 0x000007fed5e35000 	C:\Users\Packard\.javacpp\cache\opencv-4.0.1-1.4.4-windows-x86_64.jar\org\bytedeco\javacpp\windows-x86_64\ucrtbase.dll
0x000007fee1ae0000 - 0x000007fee1af7000 	C:\Users\Packard\.javacpp\cache\opencv-4.0.1-1.4.4-windows-x86_64.jar\org\bytedeco\javacpp\windows-x86_64\vcruntime140.dll
0x000007fed6cb0000 - 0x000007fed6d4d000 	C:\Users\Packard\.javacpp\cache\opencv-4.0.1-1.4.4-windows-x86_64.jar\org\bytedeco\javacpp\windows-x86_64\msvcp140.dll
0x000007fed6c50000 - 0x000007fed6ca1000 	C:\Users\Packard\.javacpp\cache\opencv-4.0.1-1.4.4-windows-x86_64.jar\org\bytedeco\javacpp\windows-x86_64\concrt140.dll
0x000007fed6c20000 - 0x000007fed6c4e000 	C:\Users\Packard\.javacpp\cache\opencv-4.0.1-1.4.4-windows-x86_64.jar\org\bytedeco\javacpp\windows-x86_64\vcomp140.dll
0x000007fed1130000 - 0x000007fed14c1000 	C:\Users\Packard\.javacpp\cache\opencv-4.0.1-1.4.4-windows-x86_64.jar\org\bytedeco\javacpp\windows-x86_64\opencv_core401.dll
0x000007fed0ce0000 - 0x000007fed1127000 	C:\Users\Packard\.javacpp\cache\opencv-4.0.1-1.4.4-windows-x86_64.jar\org\bytedeco\javacpp\windows-x86_64\opencv_imgproc401.dll
0x000007fed0940000 - 0x000007fed0cd9000 	C:\Users\Packard\.javacpp\cache\opencv-4.0.1-1.4.4-windows-x86_64.jar\org\bytedeco\javacpp\windows-x86_64\jniopencv_core.dll
0x000007fed1de0000 - 0x000007fed1f3c000 	C:\Users\Packard\.javacpp\cache\opencv-4.0.1-1.4.4-windows-x86_64.jar\org\bytedeco\javacpp\windows-x86_64\jniopencv_imgproc.dll
0x000007fed0650000 - 0x000007fed0939000 	C:\Users\Packard\.javacpp\cache\opencv-4.0.1-1.4.4-windows-x86_64.jar\org\bytedeco\javacpp\windows-x86_64\opencv_imgcodecs401.dll
0x000007fed5c50000 - 0x000007fed5c80000 	C:\Users\Packard\.javacpp\cache\opencv-4.0.1-1.4.4-windows-x86_64.jar\org\bytedeco\javacpp\windows-x86_64\jniopencv_imgcodecs.dll
0x000007fef3e30000 - 0x000007fef3f55000 	C:\Windows\system32\dbghelp.dll

VM Arguments:
jvm_args: -Djava.library.path=C:\opencv\build\java\x64;C:\opencv\build\java\x64 -Dfile.encoding=Cp1252 
java_command: gui.Invoker
java_class_path (initial): C:\Users\Packard\Desktop\TFG\DeteccionDePatronesDeComportamientoEnInformacionGeoposicionada\bin;C:\Users\Packard\Desktop\TFG\DeteccionDePatronesDeComportamientoEnInformacionGeoposicionada\lib\zxing-1.7-javase.jar;C:\Users\Packard\Desktop\TFG\DeteccionDePatronesDeComportamientoEnInformacionGeoposicionada\lib\zxing-core-2.0.jar;C:\Users\Packard\Desktop\TFG\DeteccionDePatronesDeComportamientoEnInformacionGeoposicionada\lib\opencv-400.jar;C:\Users\Packard\Desktop\TFG\DeteccionDePatronesDeComportamientoEnInformacionGeoposicionada\lib\jar_files\javacpp-1.4.4.jar;C:\Users\Packard\Desktop\TFG\DeteccionDePatronesDeComportamientoEnInformacionGeoposicionada\lib\jar_files\opencv-4.0.1-1.4.4.jar;C:\Users\Packard\Desktop\TFG\DeteccionDePatronesDeComportamientoEnInformacionGeoposicionada\lib\jar_files\videoinput-0.200-1.4.4.jar;C:\Users\Packard\Desktop\TFG\DeteccionDePatronesDeComportamientoEnInformacionGeoposicionada\lib\jar_files\javacv-1.4.4.jar;C:\Users\Packard\Desktop\TFG\DeteccionDePatronesDeComportamientoEnInformacionGeoposicionada\lib\jar_files\javacv-platform-1.4.4.jar;C:\Users\Packard\Desktop\TFG\DeteccionDePatronesDeComportamientoEnInformacionGeoposicionada\lib\jar_files\opencv-platform-4.0.1-1.4.4.jar;C:\Users\Packard\Desktop\TFG\DeteccionDePatronesDeComportamientoEnInformacionGeoposicionada\lib\jar_files\opencv-4.0.1-1.4.4-android-arm.jar;C:\Users\Packard\Desktop\TFG\DeteccionDePatronesDeComportamientoEnInformacionGeoposicionada\lib\jar_files\opencv-4.0.1-1.4.4-android-arm64.jar;C:\Users\Packard\Desktop\TFG\DeteccionDePatronesDeComportamientoEnInformacionGeoposicionada\lib\jar_files\opencv-4.0.1-1.4.4-android-x86_64.jar;C:\Users\Packard\Desktop\TFG\DeteccionDePatronesDeComportamientoEnInformacionGeoposicionada\lib\jar_files\opencv-4.0.1-1.4.4-android-x86.jar;C:\Users\Packard\Desktop\TFG\DeteccionDePatronesDeComportamientoEnInformacionGeoposicionada\lib\jar_files\opencv-4.0.1-1.4.4-ios-arm64.jar;C:\Users\Packard\Desktop\TFG\DeteccionDePatro
Launcher Type: SUN_STANDARD

Environment Variables:
JAVA_HOME=C:\Program Files\Java\jdk1.8.0_31
CLASSPATH=C:\Program Files\Java\jdk1.8.0_31\jre
PATH=C:\Program Files (x86)\NVIDIA Corporation\PhysX\Common;C:\Program Files (x86)\Common Files\Oracle\Java\javapath;C:\Windows\System32\wbem;C:\Program Files\nodejs\;C:\Program Files (x86)\Bitvise SSH Client;C:\Users\Packard\AppData\Roaming\Composer\vendor\bin;C:\Program Files\Microsoft VS Code\bin;C:\Users\Packard\AppData\Local\GitHubDesktop\bin;C:\Users\Packard\AppData\Roaming\npm;C:\Program Files\Java\jdk1.8.0_31\bin;C:\maven\apache-maven-3.5.3\bin
USERNAME=Packard
OS=Windows_NT
PROCESSOR_IDENTIFIER=AMD64 Family 16 Model 10 Stepping 0, AuthenticAMD



---------------  S Y S T E M  ---------------

OS: Windows 7 , 64 bit Build 7601 (6.1.7601.18015)

CPU:total 6 (initial active 6) (6 cores per cpu, 1 threads per core) family 16 model 10 stepping 0, cmov, cx8, fxsr, mmx, sse, sse2, sse3, popcnt, mmxext, 3dnowpref, lzcnt, sse4a, tsc, tscinvbit, tscinv

Memory: 4k page, physical 8125680k(3806028k free), swap 16249500k(10910388k free)

vm_info: Java HotSpot(TM) 64-Bit Server VM (25.181-b13) for windows-amd64 JRE (1.8.0_181-b13), built on Jul  7 2018 04:01:33 by "java_re" with MS VC++ 10.0 (VS2010)

time: Tue Mar 26 23:28:08 2019
elapsed time: 2 seconds (0d 0h 0m 2s)

