#
# A fatal error has been detected by the Java Runtime Environment:
#
#  EXCEPTION_ACCESS_VIOLATION (0xc0000005) at pc=0x000007fed14369d1, pid=35400, tid=0x0000000000008814
#
# JRE version: Java(TM) SE Runtime Environment (8.0_181-b13) (build 1.8.0_181-b13)
# Java VM: Java HotSpot(TM) 64-Bit Server VM (25.181-b13 mixed mode windows-amd64 compressed oops)
# Problematic frame:
# C  [opencv_core401.dll+0x1069d1]
#
# Failed to write core dump. Minidumps are not enabled by default on client versions of Windows
#
# If you would like to submit a bug report, please visit:
#   http://bugreport.java.com/bugreport/crash.jsp
# The crash happened outside the Java Virtual Machine in native code.
# See problematic frame for where to report the bug.
#

---------------  T H R E A D  ---------------

Current thread (0x00000000021c2000):  JavaThread "main" [_thread_in_native, id=34836, stack(0x0000000002590000,0x0000000002690000)]

siginfo: ExceptionCode=0xc0000005, reading address 0xffffffffffffffff

Registers:
RAX=0x800000e31d3d5a1a, RBX=0x00000000021c21f8, RCX=0x0000000000240e10, RDX=0x0000000000269658
RSP=0x000000000268f270, RBP=0x000000000268f370, RSI=0x0000000000269618, RDI=0x0000000000240dd0
R8 =0x0000000000240dd8, R9 =0x00000000d713fed8, R10=0x0000000000000012, R11=0x0000000062cb4970
R12=0x0000000000000000, R13=0x00000000571aa690, R14=0x000000000268f558, R15=0x00000000021c2000
RIP=0x000007fed14369d1, EFLAGS=0x0000000000010202

Top of Stack: (sp=0x000000000268f270)
0x000000000268f270:   0000000062a850e0 0000005000000000
0x000000000268f280:   000000000000003a 0000000000000000
0x000000000268f290:   0000000000000000 00000000021c2cf0
0x000000000268f2a0:   0000000000000002 0000000000000100
0x000000000268f2b0:   0000000000000000 0000000000000100
0x000000000268f2c0:   0000000000000003 00000000021c2cb0
0x000000000268f2d0:   00000000021c2000 fffffffffffffffe
0x000000000268f2e0:   0000000001d1fe18 000000000268f3a0
0x000000000268f2f0:   000000000268f490 00000000021c2ba0
0x000000000268f300:   0000000059115c01 000000000268f490
0x000000000268f310:   00000000021c2000 000000006258755f
0x000000000268f320:   00000000571aa698 00000000021c2000
0x000000000268f330:   00000000571aa698 00000000021c2000
0x000000000268f340:   00000000000000b6 000000000268f498
0x000000000268f350:   00000000021c2f88 00000000021c2bb0
0x000000000268f360:   0000000001d19400 000000006267c261 

Instructions: (pc=0x000007fed14369d1)
0x000007fed14369b1:   d0 00 00 00 48 8b f2 48 8b f9 48 83 c1 40 4c 8b
0x000007fed14369c1:   01 49 63 10 48 89 54 24 30 48 8d 56 40 48 8b 02
0x000007fed14369d1:   4c 63 08 49 8b d9 45 85 c9 0f 84 e4 03 00 00 48
0x000007fed14369e1:   3b fe 0f 85 a6 00 00 00 48 8b d6 48 8d 4d b0 e8 


Register to memory mapping:

RAX=0x800000e31d3d5a1a is an unknown value
RBX=0x00000000021c21f8 is an unknown value
RCX=0x0000000000240e10 is an unknown value
RDX=0x0000000000269658 is an unknown value
RSP=0x000000000268f270 is pointing into the stack for thread: 0x00000000021c2000
RBP=0x000000000268f370 is pointing into the stack for thread: 0x00000000021c2000
RSI=0x0000000000269618 is an unknown value
RDI=0x0000000000240dd0 is an unknown value
R8 =0x0000000000240dd8 is an unknown value
R9 =0x00000000d713fed8 is an oop
org.bytedeco.javacpp.opencv_core$Mat 
 - klass: 'org/bytedeco/javacpp/opencv_core$Mat'
R10=0x0000000000000012 is an unknown value
R11=0x0000000062cb4970 is an unknown value
R12=0x0000000000000000 is an unknown value
R13=0x00000000571aa690 is pointing into metadata
R14=0x000000000268f558 is pointing into the stack for thread: 0x00000000021c2000
R15=0x00000000021c2000 is a thread


Stack: [0x0000000002590000,0x0000000002690000],  sp=0x000000000268f270,  free space=1020k
Native frames: (J=compiled Java code, j=interpreted, Vv=VM code, C=native code)
C  [opencv_core401.dll+0x1069d1]
C  [jniopencv_core.dll+0x40bd2]
C  0x00000000029767e7

Java frames: (J=compiled Java code, j=interpreted, Vv=VM code)
j  org.bytedeco.javacpp.opencv_core$Mat.push_back(Lorg/bytedeco/javacpp/opencv_core$Mat;)V+0
j  gui.Reader.entrenar([Ljava/lang/String;)V+154
j  gui.Reader.run()V+59
j  gui.Invoker.main([Ljava/lang/String;)V+9
v  ~StubRoutines::call_stub

---------------  P R O C E S S  ---------------

Java Threads: ( => current thread )
  0x000000005a204800 JavaThread "JavaCPP Deallocator" daemon [_thread_blocked, id=35816, stack(0x000000005b570000,0x000000005b670000)]
  0x00000000590fa800 JavaThread "Service Thread" daemon [_thread_blocked, id=31868, stack(0x0000000059bd0000,0x0000000059cd0000)]
  0x00000000590f9800 JavaThread "C1 CompilerThread2" daemon [_thread_blocked, id=35740, stack(0x0000000059440000,0x0000000059540000)]
  0x00000000590f7000 JavaThread "C2 CompilerThread1" daemon [_thread_blocked, id=28896, stack(0x0000000058c60000,0x0000000058d60000)]
  0x000000005909c000 JavaThread "C2 CompilerThread0" daemon [_thread_blocked, id=35516, stack(0x0000000059900000,0x0000000059a00000)]
  0x000000005909a800 JavaThread "Attach Listener" daemon [_thread_blocked, id=35512, stack(0x00000000597c0000,0x00000000598c0000)]
  0x0000000059099800 JavaThread "Signal Dispatcher" daemon [_thread_blocked, id=35140, stack(0x0000000059690000,0x0000000059790000)]
  0x0000000059080800 JavaThread "Finalizer" daemon [_thread_blocked, id=34948, stack(0x0000000059580000,0x0000000059680000)]
  0x00000000576af800 JavaThread "Reference Handler" daemon [_thread_blocked, id=32852, stack(0x0000000058f40000,0x0000000059040000)]
=>0x00000000021c2000 JavaThread "main" [_thread_in_native, id=34836, stack(0x0000000002590000,0x0000000002690000)]

Other Threads:
  0x00000000576a8000 VMThread [stack: 0x0000000058d90000,0x0000000058e90000] [id=35728]
  0x0000000059116800 WatcherThread [stack: 0x0000000059a30000,0x0000000059b30000] [id=35820]

VM state:not at safepoint (normal execution)

VM Mutex/Monitor currently owned by a thread: None

Heap:
 PSYoungGen      total 30720K, used 6872K [0x00000000d6b00000, 0x00000000d8d80000, 0x0000000100000000)
  eden space 30208K, 22% used [0x00000000d6b00000,0x00000000d717e250,0x00000000d8880000)
  from space 512K, 43% used [0x00000000d8a80000,0x00000000d8ab8000,0x00000000d8b00000)
  to   space 2560K, 0% used [0x00000000d8b00000,0x00000000d8b00000,0x00000000d8d80000)
 ParOldGen       total 84992K, used 1084K [0x0000000084000000, 0x0000000089300000, 0x00000000d6b00000)
  object space 84992K, 1% used [0x0000000084000000,0x000000008410f360,0x0000000089300000)
 Metaspace       used 6842K, capacity 7206K, committed 7424K, reserved 1056768K
  class space    used 699K, capacity 721K, committed 768K, reserved 1048576K

Card table byte_map: [0x0000000011d20000,0x0000000012110000] byte_map_base: 0x0000000011900000

Marking Bits: (ParMarkBitMap*) 0x0000000062cc2d00
 Begin Bits: [0x0000000012ae0000, 0x00000000149e0000)
 End Bits:   [0x00000000149e0000, 0x00000000168e0000)

Polling page: 0x0000000000320000

CodeCache: size=245760Kb used=3952Kb max_used=3952Kb free=241807Kb
 bounds [0x0000000002960000, 0x0000000002d50000, 0x0000000011960000]
 total_blobs=1170 nmethods=765 adapters=319
 compilation: enabled

Compilation events (10 events):
Event: 2.566 Thread 0x00000000590f7000  761       4       java.util.ArrayList$Itr::next (66 bytes)
Event: 2.568 Thread 0x00000000590f7000 nmethod 761 0x0000000002d05310 code [0x0000000002d05460, 0x0000000002d05578]
Event: 2.582 Thread 0x000000005909c000  762       4       java.net.URLClassLoader$3$1::run (5 bytes)
Event: 2.583 Thread 0x000000005909c000 nmethod 762 0x0000000002d03990 code [0x0000000002d03b00, 0x0000000002d03c18]
Event: 2.627 Thread 0x00000000590f9800  763   !   3       org.bytedeco.javacpp.Loader::cacheResource (1569 bytes)
Event: 2.664 Thread 0x00000000590f9800 nmethod 763 0x0000000002d06f10 code [0x0000000002d09320, 0x0000000002d27578]
Event: 2.664 Thread 0x00000000590f9800  765       3       java.util.LinkedHashMap$LinkedHashIterator::hasNext (13 bytes)
Event: 2.664 Thread 0x00000000590f9800 nmethod 765 0x0000000002d03610 code [0x0000000002d03760, 0x0000000002d03910]
Event: 2.664 Thread 0x00000000590f9800  764       3       java.io.File::toString (5 bytes)
Event: 2.664 Thread 0x00000000590f9800 nmethod 764 0x0000000002d032d0 code [0x0000000002d03420, 0x0000000002d03590]

GC Heap History (10 events):
Event: 1.802 GC heap before
{Heap before GC invocations=3 (full 0):
 PSYoungGen      total 36864K, used 33800K [0x00000000d6b00000, 0x00000000d9400000, 0x0000000100000000)
  eden space 31744K, 100% used [0x00000000d6b00000,0x00000000d8a00000,0x00000000d8a00000)
  from space 5120K, 40% used [0x00000000d8f00000,0x00000000d9102228,0x00000000d9400000)
  to   space 5120K, 0% used [0x00000000d8a00000,0x00000000d8a00000,0x00000000d8f00000)
 ParOldGen       total 84992K, used 16K [0x0000000084000000, 0x0000000089300000, 0x00000000d6b00000)
  object space 84992K, 0% used [0x0000000084000000,0x0000000084004000,0x0000000089300000)
 Metaspace       used 6571K, capacity 7078K, committed 7168K, reserved 1056768K
  class space    used 674K, capacity 721K, committed 768K, reserved 1048576K
Event: 1.807 GC heap after
Heap after GC invocations=3 (full 0):
 PSYoungGen      total 36864K, used 1072K [0x00000000d6b00000, 0x00000000d9400000, 0x0000000100000000)
  eden space 31744K, 0% used [0x00000000d6b00000,0x00000000d6b00000,0x00000000d8a00000)
  from space 5120K, 20% used [0x00000000d8a00000,0x00000000d8b0c010,0x00000000d8f00000)
  to   space 5120K, 0% used [0x00000000d8f00000,0x00000000d8f00000,0x00000000d9400000)
 ParOldGen       total 84992K, used 24K [0x0000000084000000, 0x0000000089300000, 0x00000000d6b00000)
  object space 84992K, 0% used [0x0000000084000000,0x0000000084006000,0x0000000089300000)
 Metaspace       used 6571K, capacity 7078K, committed 7168K, reserved 1056768K
  class space    used 674K, capacity 721K, committed 768K, reserved 1048576K
}
Event: 2.008 GC heap before
{Heap before GC invocations=4 (full 0):
 PSYoungGen      total 36864K, used 32816K [0x00000000d6b00000, 0x00000000d9400000, 0x0000000100000000)
  eden space 31744K, 100% used [0x00000000d6b00000,0x00000000d8a00000,0x00000000d8a00000)
  from space 5120K, 20% used [0x00000000d8a00000,0x00000000d8b0c010,0x00000000d8f00000)
  to   space 5120K, 0% used [0x00000000d8f00000,0x00000000d8f00000,0x00000000d9400000)
 ParOldGen       total 84992K, used 24K [0x0000000084000000, 0x0000000089300000, 0x00000000d6b00000)
  object space 84992K, 0% used [0x0000000084000000,0x0000000084006000,0x0000000089300000)
 Metaspace       used 6714K, capacity 7206K, committed 7424K, reserved 1056768K
  class space    used 693K, capacity 721K, committed 768K, reserved 1048576K
Event: 2.010 GC heap after
Heap after GC invocations=4 (full 0):
 PSYoungGen      total 36864K, used 1184K [0x00000000d6b00000, 0x00000000d9400000, 0x0000000100000000)
  eden space 31744K, 0% used [0x00000000d6b00000,0x00000000d6b00000,0x00000000d8a00000)
  from space 5120K, 23% used [0x00000000d8f00000,0x00000000d9028020,0x00000000d9400000)
  to   space 5120K, 0% used [0x00000000d8a00000,0x00000000d8a00000,0x00000000d8f00000)
 ParOldGen       total 84992K, used 32K [0x0000000084000000, 0x0000000089300000, 0x00000000d6b00000)
  object space 84992K, 0% used [0x0000000084000000,0x0000000084008000,0x0000000089300000)
 Metaspace       used 6714K, capacity 7206K, committed 7424K, reserved 1056768K
  class space    used 693K, capacity 721K, committed 768K, reserved 1048576K
}
Event: 2.259 GC heap before
{Heap before GC invocations=5 (full 0):
 PSYoungGen      total 36864K, used 32928K [0x00000000d6b00000, 0x00000000d9400000, 0x0000000100000000)
  eden space 31744K, 100% used [0x00000000d6b00000,0x00000000d8a00000,0x00000000d8a00000)
  from space 5120K, 23% used [0x00000000d8f00000,0x00000000d9028020,0x00000000d9400000)
  to   space 5120K, 0% used [0x00000000d8a00000,0x00000000d8a00000,0x00000000d8f00000)
 ParOldGen       total 84992K, used 32K [0x0000000084000000, 0x0000000089300000, 0x00000000d6b00000)
  object space 84992K, 0% used [0x0000000084000000,0x0000000084008000,0x0000000089300000)
 Metaspace       used 6757K, capacity 7206K, committed 7424K, reserved 1056768K
  class space    used 693K, capacity 721K, committed 768K, reserved 1048576K
Event: 2.261 GC heap after
Heap after GC invocations=5 (full 0):
 PSYoungGen      total 32768K, used 1152K [0x00000000d6b00000, 0x00000000d8f80000, 0x0000000100000000)
  eden space 31232K, 0% used [0x00000000d6b00000,0x00000000d6b00000,0x00000000d8980000)
  from space 1536K, 75% used [0x00000000d8a00000,0x00000000d8b20020,0x00000000d8b80000)
  to   space 2560K, 0% used [0x00000000d8d00000,0x00000000d8d00000,0x00000000d8f80000)
 ParOldGen       total 84992K, used 40K [0x0000000084000000, 0x0000000089300000, 0x00000000d6b00000)
  object space 84992K, 0% used [0x0000000084000000,0x000000008400a000,0x0000000089300000)
 Metaspace       used 6757K, capacity 7206K, committed 7424K, reserved 1056768K
  class space    used 693K, capacity 721K, committed 768K, reserved 1048576K
}
Event: 2.426 GC heap before
{Heap before GC invocations=6 (full 0):
 PSYoungGen      total 32768K, used 32384K [0x00000000d6b00000, 0x00000000d8f80000, 0x0000000100000000)
  eden space 31232K, 100% used [0x00000000d6b00000,0x00000000d8980000,0x00000000d8980000)
  from space 1536K, 75% used [0x00000000d8a00000,0x00000000d8b20020,0x00000000d8b80000)
  to   space 2560K, 0% used [0x00000000d8d00000,0x00000000d8d00000,0x00000000d8f80000)
 ParOldGen       total 84992K, used 40K [0x0000000084000000, 0x0000000089300000, 0x00000000d6b00000)
  object space 84992K, 0% used [0x0000000084000000,0x000000008400a000,0x0000000089300000)
 Metaspace       used 6773K, capacity 7206K, committed 7424K, reserved 1056768K
  class space    used 694K, capacity 721K, committed 768K, reserved 1048576K
Event: 2.428 GC heap after
Heap after GC invocations=6 (full 0):
 PSYoungGen      total 32256K, used 1184K [0x00000000d6b00000, 0x00000000d8e80000, 0x0000000100000000)
  eden space 30720K, 0% used [0x00000000d6b00000,0x00000000d6b00000,0x00000000d8900000)
  from space 1536K, 77% used [0x00000000d8d00000,0x00000000d8e28020,0x00000000d8e80000)
  to   space 2048K, 0% used [0x00000000d8a80000,0x00000000d8a80000,0x00000000d8c80000)
 ParOldGen       total 84992K, used 48K [0x0000000084000000, 0x0000000089300000, 0x00000000d6b00000)
  object space 84992K, 0% used [0x0000000084000000,0x000000008400c000,0x0000000089300000)
 Metaspace       used 6773K, capacity 7206K, committed 7424K, reserved 1056768K
  class space    used 694K, capacity 721K, committed 768K, reserved 1048576K
}
Event: 2.607 GC heap before
{Heap before GC invocations=7 (full 0):
 PSYoungGen      total 32256K, used 31904K [0x00000000d6b00000, 0x00000000d8e80000, 0x0000000100000000)
  eden space 30720K, 100% used [0x00000000d6b00000,0x00000000d8900000,0x00000000d8900000)
  from space 1536K, 77% used [0x00000000d8d00000,0x00000000d8e28020,0x00000000d8e80000)
  to   space 2048K, 0% used [0x00000000d8a80000,0x00000000d8a80000,0x00000000d8c80000)
 ParOldGen       total 84992K, used 48K [0x0000000084000000, 0x0000000089300000, 0x00000000d6b00000)
  object space 84992K, 0% used [0x0000000084000000,0x000000008400c000,0x0000000089300000)
 Metaspace       used 6820K, capacity 7206K, committed 7424K, reserved 1056768K
  class space    used 699K, capacity 721K, committed 768K, reserved 1048576K
Event: 2.610 GC heap after
Heap after GC invocations=7 (full 0):
 PSYoungGen      total 30720K, used 224K [0x00000000d6b00000, 0x00000000d8d80000, 0x0000000100000000)
  eden space 30208K, 0% used [0x00000000d6b00000,0x00000000d6b00000,0x00000000d8880000)
  from space 512K, 43% used [0x00000000d8a80000,0x00000000d8ab8000,0x00000000d8b00000)
  to   space 2560K, 0% used [0x00000000d8b00000,0x00000000d8b00000,0x00000000d8d80000)
 ParOldGen       total 84992K, used 1084K [0x0000000084000000, 0x0000000089300000, 0x00000000d6b00000)
  object space 84992K, 1% used [0x0000000084000000,0x000000008410f360,0x0000000089300000)
 Metaspace       used 6820K, capacity 7206K, committed 7424K, reserved 1056768K
  class space    used 699K, capacity 721K, committed 768K, reserved 1048576K
}

Deoptimization events (10 events):
Event: 0.750 Thread 0x00000000021c2000 Uncommon trap: reason=unstable_if action=reinterpret pc=0x0000000002b14b98 method=java.util.zip.ZipFile.getEntry(Ljava/lang/String;)Ljava/util/zip/ZipEntry; @ 45
Event: 0.751 Thread 0x00000000021c2000 Uncommon trap: reason=unstable_if action=reinterpret pc=0x0000000002b12b58 method=java.util.zip.ZipFile.getEntry(Ljava/lang/String;)Ljava/util/zip/ZipEntry; @ 45
Event: 1.185 Thread 0x00000000021c2000 Uncommon trap: reason=unstable_if action=reinterpret pc=0x0000000002b3347c method=sun.net.www.ParseUtil.encodePath(Ljava/lang/String;Z)Ljava/lang/String; @ 109
Event: 2.058 Thread 0x00000000021c2000 Uncommon trap: reason=unstable_if action=reinterpret pc=0x0000000002b54d1c method=sun.misc.URLClassPath$1.next()Z @ 56
Event: 2.058 Thread 0x00000000021c2000 Uncommon trap: reason=unstable_if action=reinterpret pc=0x0000000002c8470c method=java.net.URLClassLoader$3$1.run()Ljava/net/URL; @ 12
Event: 2.058 Thread 0x00000000021c2000 Uncommon trap: reason=unstable_if action=reinterpret pc=0x0000000002c84f70 method=java.net.URLClassLoader$3.next()Z @ 32
Event: 2.059 Thread 0x00000000021c2000 Uncommon trap: reason=unstable_if action=reinterpret pc=0x0000000002c69dac method=sun.misc.CompoundEnumeration.next()Z @ 38
Event: 2.059 Thread 0x00000000021c2000 Uncommon trap: reason=unstable_if action=reinterpret pc=0x0000000002c84b48 method=java.net.URLClassLoader$3.next()Z @ 4
Event: 2.059 Thread 0x00000000021c2000 Uncommon trap: reason=unstable_if action=reinterpret pc=0x0000000002c66fac method=sun.misc.CompoundEnumeration.next()Z @ 38
Event: 2.476 Thread 0x00000000021c2000 Uncommon trap: reason=unstable_if action=reinterpret pc=0x0000000002c6fa74 method=sun.misc.URLClassPath$FileLoader.getResource(Ljava/lang/String;Z)Lsun/misc/Resource; @ 139

Classes redefined (0 events):
No events

Internal exceptions (10 events):
Event: 0.368 Thread 0x00000000021c2000 Exception <a 'java/security/PrivilegedActionException'> (0x00000000d6f65b78) thrown at [C:\re\workspace\8-2-build-windows-amd64-cygwin\jdk8u181\11358\hotspot\src\share\vm\prims\jvm.cpp, line 1435]
Event: 0.368 Thread 0x00000000021c2000 Exception <a 'java/security/PrivilegedActionException'> (0x00000000d6f65d88) thrown at [C:\re\workspace\8-2-build-windows-amd64-cygwin\jdk8u181\11358\hotspot\src\share\vm\prims\jvm.cpp, line 1435]
Event: 0.368 Thread 0x00000000021c2000 Exception <a 'java/security/PrivilegedActionException'> (0x00000000d6f677b8) thrown at [C:\re\workspace\8-2-build-windows-amd64-cygwin\jdk8u181\11358\hotspot\src\share\vm\prims\jvm.cpp, line 1435]
Event: 0.368 Thread 0x00000000021c2000 Exception <a 'java/security/PrivilegedActionException'> (0x00000000d6f679c8) thrown at [C:\re\workspace\8-2-build-windows-amd64-cygwin\jdk8u181\11358\hotspot\src\share\vm\prims\jvm.cpp, line 1435]
Event: 0.368 Thread 0x00000000021c2000 Exception <a 'java/security/PrivilegedActionException'> (0x00000000d6f69438) thrown at [C:\re\workspace\8-2-build-windows-amd64-cygwin\jdk8u181\11358\hotspot\src\share\vm\prims\jvm.cpp, line 1435]
Event: 0.368 Thread 0x00000000021c2000 Exception <a 'java/security/PrivilegedActionException'> (0x00000000d6f69648) thrown at [C:\re\workspace\8-2-build-windows-amd64-cygwin\jdk8u181\11358\hotspot\src\share\vm\prims\jvm.cpp, line 1435]
Event: 0.368 Thread 0x00000000021c2000 Exception <a 'java/security/PrivilegedActionException'> (0x00000000d6f6b3c0) thrown at [C:\re\workspace\8-2-build-windows-amd64-cygwin\jdk8u181\11358\hotspot\src\share\vm\prims\jvm.cpp, line 1435]
Event: 0.368 Thread 0x00000000021c2000 Exception <a 'java/security/PrivilegedActionException'> (0x00000000d6f6b5d0) thrown at [C:\re\workspace\8-2-build-windows-amd64-cygwin\jdk8u181\11358\hotspot\src\share\vm\prims\jvm.cpp, line 1435]
Event: 0.368 Thread 0x00000000021c2000 Exception <a 'java/security/PrivilegedActionException'> (0x00000000d6f6cf30) thrown at [C:\re\workspace\8-2-build-windows-amd64-cygwin\jdk8u181\11358\hotspot\src\share\vm\prims\jvm.cpp, line 1435]
Event: 0.368 Thread 0x00000000021c2000 Exception <a 'java/security/PrivilegedActionException'> (0x00000000d6f6d140) thrown at [C:\re\workspace\8-2-build-windows-amd64-cygwin\jdk8u181\11358\hotspot\src\share\vm\prims\jvm.cpp, line 1435]

Events (10 events):
Event: 2.478 loading class org/bytedeco/javacpp/opencv_core$Texture2D
Event: 2.478 loading class org/bytedeco/javacpp/opencv_core$Texture2D done
Event: 2.478 loading class org/bytedeco/javacpp/opencv_core$Buffer
Event: 2.478 loading class org/bytedeco/javacpp/opencv_core$Buffer done
Event: 2.479 loading class org/bytedeco/javacpp/annotation/Name
Event: 2.479 loading class org/bytedeco/javacpp/annotation/Name done
Event: 2.607 Executing VM operation: ParallelGCFailedAllocation
Event: 2.610 Executing VM operation: ParallelGCFailedAllocation done
Event: 2.649 loading class java/nio/DirectIntBufferU
Event: 2.650 loading class java/nio/DirectIntBufferU done


Dynamic libraries:
0x000000013fcc0000 - 0x000000013fcf7000 	C:\Program Files\Java\jre1.8.0_181\bin\javaw.exe
0x00000000778a0000 - 0x0000000077a49000 	C:\Windows\SYSTEM32\ntdll.dll
0x0000000077780000 - 0x000000007789f000 	C:\Windows\system32\kernel32.dll
0x000007fefd740000 - 0x000007fefd7ab000 	C:\Windows\system32\KERNELBASE.dll
0x000007fefde20000 - 0x000007fefdefb000 	C:\Windows\system32\ADVAPI32.dll
0x000007feff1d0000 - 0x000007feff26f000 	C:\Windows\system32\msvcrt.dll
0x000007feffb60000 - 0x000007feffb7f000 	C:\Windows\SYSTEM32\sechost.dll
0x000007feff750000 - 0x000007feff87d000 	C:\Windows\system32\RPCRT4.dll
0x0000000077680000 - 0x000000007777a000 	C:\Windows\system32\USER32.dll
0x000007feff690000 - 0x000007feff6f7000 	C:\Windows\system32\GDI32.dll
0x000007feff380000 - 0x000007feff38e000 	C:\Windows\system32\LPK.dll
0x000007feff390000 - 0x000007feff459000 	C:\Windows\system32\USP10.dll
0x000007fefbf70000 - 0x000007fefc164000 	C:\Windows\WinSxS\amd64_microsoft.windows.common-controls_6595b64144ccf1df_6.0.7601.17514_none_fa396087175ac9ac\COMCTL32.dll
0x000007fefed40000 - 0x000007fefedb1000 	C:\Windows\system32\SHLWAPI.dll
0x000007feffb80000 - 0x000007feffbae000 	C:\Windows\system32\IMM32.DLL
0x000007feff270000 - 0x000007feff379000 	C:\Windows\system32\MSCTF.dll
0x0000000074950000 - 0x0000000074a22000 	C:\Program Files\Java\jre1.8.0_181\bin\msvcr100.dll
0x00000000624a0000 - 0x0000000062d42000 	C:\Program Files\Java\jre1.8.0_181\bin\server\jvm.dll
0x000007fef9aa0000 - 0x000007fef9aa9000 	C:\Windows\system32\WSOCK32.dll
0x000007feff700000 - 0x000007feff74d000 	C:\Windows\system32\WS2_32.dll
0x000007fefec90000 - 0x000007fefec98000 	C:\Windows\system32\NSI.dll
0x000007fef9e50000 - 0x000007fef9e8b000 	C:\Windows\system32\WINMM.dll
0x000007fefc790000 - 0x000007fefc79c000 	C:\Windows\system32\VERSION.dll
0x0000000077a70000 - 0x0000000077a77000 	C:\Windows\system32\PSAPI.DLL
0x0000000074e40000 - 0x0000000074e4f000 	C:\Program Files\Java\jre1.8.0_181\bin\verify.dll
0x00000000748f0000 - 0x0000000074919000 	C:\Program Files\Java\jre1.8.0_181\bin\java.dll
0x0000000074c40000 - 0x0000000074c56000 	C:\Program Files\Java\jre1.8.0_181\bin\zip.dll
0x000007fefdf00000 - 0x000007fefec88000 	C:\Windows\system32\SHELL32.dll
0x000007fefdab0000 - 0x000007fefdcb3000 	C:\Windows\system32\ole32.dll
0x000007fefd680000 - 0x000007fefd68f000 	C:\Windows\system32\profapi.dll
0x000007fee8970000 - 0x000007fee8973000 	C:\Users\Packard\.javacpp\cache\opencv-4.0.1-1.4.4-windows-x86_64.jar\org\bytedeco\javacpp\windows-x86_64\api-ms-win-crt-locale-l1-1-0.dll
0x0000000074930000 - 0x000000007494a000 	C:\Program Files\Java\jre1.8.0_181\bin\net.dll
0x000007fefceb0000 - 0x000007fefcf05000 	C:\Windows\system32\mswsock.dll
0x000007fefcea0000 - 0x000007fefcea7000 	C:\Windows\System32\wship6.dll
0x0000000074860000 - 0x0000000074871000 	C:\Program Files\Java\jre1.8.0_181\bin\nio.dll
0x000007fee8950000 - 0x000007fee8954000 	C:\Users\Packard\.javacpp\cache\opencv-4.0.1-1.4.4-windows-x86_64.jar\org\bytedeco\javacpp\windows-x86_64\api-ms-win-crt-string-l1-1-0.dll
0x000007fee8410000 - 0x000007fee8414000 	C:\Users\Packard\.javacpp\cache\opencv-4.0.1-1.4.4-windows-x86_64.jar\org\bytedeco\javacpp\windows-x86_64\api-ms-win-crt-stdio-l1-1-0.dll
0x000007fee8400000 - 0x000007fee8405000 	C:\Users\Packard\.javacpp\cache\opencv-4.0.1-1.4.4-windows-x86_64.jar\org\bytedeco\javacpp\windows-x86_64\api-ms-win-crt-math-l1-1-0.dll
0x000007fee83f0000 - 0x000007fee83f3000 	C:\Users\Packard\.javacpp\cache\opencv-4.0.1-1.4.4-windows-x86_64.jar\org\bytedeco\javacpp\windows-x86_64\api-ms-win-crt-heap-l1-1-0.dll
0x000007fee7790000 - 0x000007fee7794000 	C:\Users\Packard\.javacpp\cache\opencv-4.0.1-1.4.4-windows-x86_64.jar\org\bytedeco\javacpp\windows-x86_64\api-ms-win-crt-runtime-l1-1-0.dll
0x000007fee7510000 - 0x000007fee7514000 	C:\Users\Packard\.javacpp\cache\opencv-4.0.1-1.4.4-windows-x86_64.jar\org\bytedeco\javacpp\windows-x86_64\api-ms-win-crt-convert-l1-1-0.dll
0x000007fee6da0000 - 0x000007fee6da3000 	C:\Users\Packard\.javacpp\cache\opencv-4.0.1-1.4.4-windows-x86_64.jar\org\bytedeco\javacpp\windows-x86_64\api-ms-win-crt-environment-l1-1-0.dll
0x000007fee6d90000 - 0x000007fee6d93000 	C:\Users\Packard\.javacpp\cache\opencv-4.0.1-1.4.4-windows-x86_64.jar\org\bytedeco\javacpp\windows-x86_64\api-ms-win-crt-time-l1-1-0.dll
0x000007fee6d80000 - 0x000007fee6d83000 	C:\Users\Packard\.javacpp\cache\opencv-4.0.1-1.4.4-windows-x86_64.jar\org\bytedeco\javacpp\windows-x86_64\api-ms-win-crt-filesystem-l1-1-0.dll
0x000007fee6d70000 - 0x000007fee6d73000 	C:\Users\Packard\.javacpp\cache\opencv-4.0.1-1.4.4-windows-x86_64.jar\org\bytedeco\javacpp\windows-x86_64\api-ms-win-crt-utility-l1-1-0.dll
0x000007fee6d60000 - 0x000007fee6d65000 	C:\Users\Packard\.javacpp\cache\opencv-4.0.1-1.4.4-windows-x86_64.jar\org\bytedeco\javacpp\windows-x86_64\api-ms-win-crt-multibyte-l1-1-0.dll
0x000007fee6d50000 - 0x000007fee6d53000 	C:\Users\Packard\.javacpp\cache\opencv-4.0.1-1.4.4-windows-x86_64.jar\org\bytedeco\javacpp\windows-x86_64\api-ms-win-core-string-l1-1-0.dll
0x000007fee6d40000 - 0x000007fee6d43000 	C:\Users\Packard\.javacpp\cache\opencv-4.0.1-1.4.4-windows-x86_64.jar\org\bytedeco\javacpp\windows-x86_64\api-ms-win-core-errorhandling-l1-1-0.dll
0x000007fee6d30000 - 0x000007fee6d33000 	C:\Users\Packard\.javacpp\cache\opencv-4.0.1-1.4.4-windows-x86_64.jar\org\bytedeco\javacpp\windows-x86_64\api-ms-win-core-timezone-l1-1-0.dll
0x000007fee6d20000 - 0x000007fee6d24000 	C:\Users\Packard\.javacpp\cache\opencv-4.0.1-1.4.4-windows-x86_64.jar\org\bytedeco\javacpp\windows-x86_64\api-ms-win-core-file-l1-1-0.dll
0x000007fee6d10000 - 0x000007fee6d13000 	C:\Users\Packard\.javacpp\cache\opencv-4.0.1-1.4.4-windows-x86_64.jar\org\bytedeco\javacpp\windows-x86_64\api-ms-win-core-namedpipe-l1-1-0.dll
0x000007fee6d00000 - 0x000007fee6d03000 	C:\Users\Packard\.javacpp\cache\opencv-4.0.1-1.4.4-windows-x86_64.jar\org\bytedeco\javacpp\windows-x86_64\api-ms-win-core-handle-l1-1-0.dll
0x000007fee6cf0000 - 0x000007fee6cf3000 	C:\Users\Packard\.javacpp\cache\opencv-4.0.1-1.4.4-windows-x86_64.jar\org\bytedeco\javacpp\windows-x86_64\api-ms-win-core-file-l2-1-0.dll
0x000007fee6c90000 - 0x000007fee6c93000 	C:\Users\Packard\.javacpp\cache\opencv-4.0.1-1.4.4-windows-x86_64.jar\org\bytedeco\javacpp\windows-x86_64\api-ms-win-core-heap-l1-1-0.dll
0x000007fee6c80000 - 0x000007fee6c83000 	C:\Users\Packard\.javacpp\cache\opencv-4.0.1-1.4.4-windows-x86_64.jar\org\bytedeco\javacpp\windows-x86_64\api-ms-win-core-libraryloader-l1-1-0.dll
0x000007fee6c50000 - 0x000007fee6c53000 	C:\Users\Packard\.javacpp\cache\opencv-4.0.1-1.4.4-windows-x86_64.jar\org\bytedeco\javacpp\windows-x86_64\api-ms-win-core-synch-l1-1-0.dll
0x000007fee6c40000 - 0x000007fee6c43000 	C:\Users\Packard\.javacpp\cache\opencv-4.0.1-1.4.4-windows-x86_64.jar\org\bytedeco\javacpp\windows-x86_64\api-ms-win-core-processthreads-l1-1-0.dll
0x000007fee64f0000 - 0x000007fee64f3000 	C:\Users\Packard\.javacpp\cache\opencv-4.0.1-1.4.4-windows-x86_64.jar\org\bytedeco\javacpp\windows-x86_64\api-ms-win-core-processenvironment-l1-1-0.dll
0x000007fee2930000 - 0x000007fee2933000 	C:\Users\Packard\.javacpp\cache\opencv-4.0.1-1.4.4-windows-x86_64.jar\org\bytedeco\javacpp\windows-x86_64\api-ms-win-core-datetime-l1-1-0.dll
0x000007fee2920000 - 0x000007fee2923000 	C:\Users\Packard\.javacpp\cache\opencv-4.0.1-1.4.4-windows-x86_64.jar\org\bytedeco\javacpp\windows-x86_64\api-ms-win-core-localization-l1-2-0.dll
0x000007fee2910000 - 0x000007fee2913000 	C:\Users\Packard\.javacpp\cache\opencv-4.0.1-1.4.4-windows-x86_64.jar\org\bytedeco\javacpp\windows-x86_64\api-ms-win-core-sysinfo-l1-1-0.dll
0x000007fee2900000 - 0x000007fee2903000 	C:\Users\Packard\.javacpp\cache\opencv-4.0.1-1.4.4-windows-x86_64.jar\org\bytedeco\javacpp\windows-x86_64\api-ms-win-core-synch-l1-2-0.dll
0x000007fee28f0000 - 0x000007fee28f3000 	C:\Users\Packard\.javacpp\cache\opencv-4.0.1-1.4.4-windows-x86_64.jar\org\bytedeco\javacpp\windows-x86_64\api-ms-win-core-console-l1-1-0.dll
0x000007fee28e0000 - 0x000007fee28e3000 	C:\Users\Packard\.javacpp\cache\opencv-4.0.1-1.4.4-windows-x86_64.jar\org\bytedeco\javacpp\windows-x86_64\api-ms-win-core-debug-l1-1-0.dll
0x000007fee28d0000 - 0x000007fee28d3000 	C:\Users\Packard\.javacpp\cache\opencv-4.0.1-1.4.4-windows-x86_64.jar\org\bytedeco\javacpp\windows-x86_64\api-ms-win-core-rtlsupport-l1-1-0.dll
0x000007fee28c0000 - 0x000007fee28c3000 	C:\Users\Packard\.javacpp\cache\opencv-4.0.1-1.4.4-windows-x86_64.jar\org\bytedeco\javacpp\windows-x86_64\api-ms-win-core-processthreads-l1-1-1.dll
0x000007fee25b0000 - 0x000007fee25b3000 	C:\Users\Packard\.javacpp\cache\opencv-4.0.1-1.4.4-windows-x86_64.jar\org\bytedeco\javacpp\windows-x86_64\api-ms-win-core-file-l1-2-0.dll
0x000007fee25a0000 - 0x000007fee25a3000 	C:\Users\Packard\.javacpp\cache\opencv-4.0.1-1.4.4-windows-x86_64.jar\org\bytedeco\javacpp\windows-x86_64\api-ms-win-core-profile-l1-1-0.dll
0x000007fee2590000 - 0x000007fee2593000 	C:\Users\Packard\.javacpp\cache\opencv-4.0.1-1.4.4-windows-x86_64.jar\org\bytedeco\javacpp\windows-x86_64\api-ms-win-core-memory-l1-1-0.dll
0x000007fee2060000 - 0x000007fee2063000 	C:\Users\Packard\.javacpp\cache\opencv-4.0.1-1.4.4-windows-x86_64.jar\org\bytedeco\javacpp\windows-x86_64\api-ms-win-core-util-l1-1-0.dll
0x000007fee2050000 - 0x000007fee2053000 	C:\Users\Packard\.javacpp\cache\opencv-4.0.1-1.4.4-windows-x86_64.jar\org\bytedeco\javacpp\windows-x86_64\api-ms-win-core-interlocked-l1-1-0.dll
0x000007fed6c50000 - 0x000007fed6d45000 	C:\Users\Packard\.javacpp\cache\opencv-4.0.1-1.4.4-windows-x86_64.jar\org\bytedeco\javacpp\windows-x86_64\ucrtbase.dll
0x000007fee2030000 - 0x000007fee2047000 	C:\Users\Packard\.javacpp\cache\opencv-4.0.1-1.4.4-windows-x86_64.jar\org\bytedeco\javacpp\windows-x86_64\vcruntime140.dll
0x000007fed6810000 - 0x000007fed68ad000 	C:\Users\Packard\.javacpp\cache\opencv-4.0.1-1.4.4-windows-x86_64.jar\org\bytedeco\javacpp\windows-x86_64\msvcp140.dll
0x000007fee1ae0000 - 0x000007fee1b31000 	C:\Users\Packard\.javacpp\cache\opencv-4.0.1-1.4.4-windows-x86_64.jar\org\bytedeco\javacpp\windows-x86_64\concrt140.dll
0x000007fed6c20000 - 0x000007fed6c4e000 	C:\Users\Packard\.javacpp\cache\opencv-4.0.1-1.4.4-windows-x86_64.jar\org\bytedeco\javacpp\windows-x86_64\vcomp140.dll
0x000007fed1330000 - 0x000007fed16c1000 	C:\Users\Packard\.javacpp\cache\opencv-4.0.1-1.4.4-windows-x86_64.jar\org\bytedeco\javacpp\windows-x86_64\opencv_core401.dll
0x000007fed0ee0000 - 0x000007fed1327000 	C:\Users\Packard\.javacpp\cache\opencv-4.0.1-1.4.4-windows-x86_64.jar\org\bytedeco\javacpp\windows-x86_64\opencv_imgproc401.dll
0x000007fed0b40000 - 0x000007fed0ed9000 	C:\Users\Packard\.javacpp\cache\opencv-4.0.1-1.4.4-windows-x86_64.jar\org\bytedeco\javacpp\windows-x86_64\jniopencv_core.dll
0x000007fed09e0000 - 0x000007fed0b3c000 	C:\Users\Packard\.javacpp\cache\opencv-4.0.1-1.4.4-windows-x86_64.jar\org\bytedeco\javacpp\windows-x86_64\jniopencv_imgproc.dll
0x000007fed06f0000 - 0x000007fed09d9000 	C:\Users\Packard\.javacpp\cache\opencv-4.0.1-1.4.4-windows-x86_64.jar\org\bytedeco\javacpp\windows-x86_64\opencv_imgcodecs401.dll
0x000007fed67e0000 - 0x000007fed6810000 	C:\Users\Packard\.javacpp\cache\opencv-4.0.1-1.4.4-windows-x86_64.jar\org\bytedeco\javacpp\windows-x86_64\jniopencv_imgcodecs.dll
0x000007fef3e30000 - 0x000007fef3f55000 	C:\Windows\system32\dbghelp.dll

VM Arguments:
jvm_args: -Djava.library.path=C:\opencv\build\java\x64;C:\opencv\build\java\x64 -Dfile.encoding=Cp1252 
java_command: gui.Invoker
java_class_path (initial): C:\Users\Packard\Desktop\TFG\DeteccionDePatronesDeComportamientoEnInformacionGeoposicionada\bin;C:\Users\Packard\Desktop\TFG\DeteccionDePatronesDeComportamientoEnInformacionGeoposicionada\lib\zxing-1.7-javase.jar;C:\Users\Packard\Desktop\TFG\DeteccionDePatronesDeComportamientoEnInformacionGeoposicionada\lib\zxing-core-2.0.jar;C:\Users\Packard\Desktop\TFG\DeteccionDePatronesDeComportamientoEnInformacionGeoposicionada\lib\opencv-400.jar;C:\Users\Packard\Desktop\TFG\DeteccionDePatronesDeComportamientoEnInformacionGeoposicionada\lib\jar_files\javacpp-1.4.4.jar;C:\Users\Packard\Desktop\TFG\DeteccionDePatronesDeComportamientoEnInformacionGeoposicionada\lib\jar_files\opencv-4.0.1-1.4.4.jar;C:\Users\Packard\Desktop\TFG\DeteccionDePatronesDeComportamientoEnInformacionGeoposicionada\lib\jar_files\videoinput-0.200-1.4.4.jar;C:\Users\Packard\Desktop\TFG\DeteccionDePatronesDeComportamientoEnInformacionGeoposicionada\lib\jar_files\javacv-1.4.4.jar;C:\Users\Packard\Desktop\TFG\DeteccionDePatronesDeComportamientoEnInformacionGeoposicionada\lib\jar_files\javacv-platform-1.4.4.jar;C:\Users\Packard\Desktop\TFG\DeteccionDePatronesDeComportamientoEnInformacionGeoposicionada\lib\jar_files\opencv-platform-4.0.1-1.4.4.jar;C:\Users\Packard\Desktop\TFG\DeteccionDePatronesDeComportamientoEnInformacionGeoposicionada\lib\jar_files\opencv-4.0.1-1.4.4-android-arm.jar;C:\Users\Packard\Desktop\TFG\DeteccionDePatronesDeComportamientoEnInformacionGeoposicionada\lib\jar_files\opencv-4.0.1-1.4.4-android-arm64.jar;C:\Users\Packard\Desktop\TFG\DeteccionDePatronesDeComportamientoEnInformacionGeoposicionada\lib\jar_files\opencv-4.0.1-1.4.4-android-x86_64.jar;C:\Users\Packard\Desktop\TFG\DeteccionDePatronesDeComportamientoEnInformacionGeoposicionada\lib\jar_files\opencv-4.0.1-1.4.4-android-x86.jar;C:\Users\Packard\Desktop\TFG\DeteccionDePatronesDeComportamientoEnInformacionGeoposicionada\lib\jar_files\opencv-4.0.1-1.4.4-ios-arm64.jar;C:\Users\Packard\Desktop\TFG\DeteccionDePatro
Launcher Type: SUN_STANDARD

Environment Variables:
JAVA_HOME=C:\Program Files\Java\jdk1.8.0_31
CLASSPATH=C:\Program Files\Java\jdk1.8.0_31\jre
PATH=C:\Program Files (x86)\NVIDIA Corporation\PhysX\Common;C:\Program Files (x86)\Common Files\Oracle\Java\javapath;C:\Windows\System32\wbem;C:\Program Files\nodejs\;C:\Program Files (x86)\Bitvise SSH Client;C:\Users\Packard\AppData\Roaming\Composer\vendor\bin;C:\Program Files\Microsoft VS Code\bin;C:\Users\Packard\AppData\Local\GitHubDesktop\bin;C:\Users\Packard\AppData\Roaming\npm;C:\Program Files\Java\jdk1.8.0_31\bin;C:\maven\apache-maven-3.5.3\bin
USERNAME=Packard
OS=Windows_NT
PROCESSOR_IDENTIFIER=AMD64 Family 16 Model 10 Stepping 0, AuthenticAMD



---------------  S Y S T E M  ---------------

OS: Windows 7 , 64 bit Build 7601 (6.1.7601.18015)

CPU:total 6 (initial active 6) (6 cores per cpu, 1 threads per core) family 16 model 10 stepping 0, cmov, cx8, fxsr, mmx, sse, sse2, sse3, popcnt, mmxext, 3dnowpref, lzcnt, sse4a, tsc, tscinvbit, tscinv

Memory: 4k page, physical 8125680k(3869520k free), swap 16249500k(11015356k free)

vm_info: Java HotSpot(TM) 64-Bit Server VM (25.181-b13) for windows-amd64 JRE (1.8.0_181-b13), built on Jul  7 2018 04:01:33 by "java_re" with MS VC++ 10.0 (VS2010)

time: Tue Mar 26 23:23:41 2019
elapsed time: 2 seconds (0d 0h 0m 2s)

